[13:28:26] [ServerMain/INFO]: Starting provider: SNBT -> NBT
[13:28:26] [ServerMain/INFO]: SNBT -> NBT finished after 0 ms
[13:28:26] [ServerMain/INFO]: Starting provider: Fluid Tags
[13:28:26] [ServerMain/INFO]: Fluid Tags finished after 43 ms
[13:28:26] [ServerMain/INFO]: Starting provider: Block Tags
[13:28:27] [ServerMain/INFO]: Block Tags finished after 409 ms
[13:28:27] [ServerMain/INFO]: Starting provider: Item Tags
[13:28:27] [ServerMain/INFO]: Item Tags finished after 83 ms
[13:28:27] [ServerMain/INFO]: Starting provider: Entity Type Tags
[13:36:22] [ServerMain/INFO]: Entity Type Tags finished after 12 ms
[13:36:22] [ServerMain/INFO]: Starting provider: Recipes
[13:36:25] [ServerMain/INFO]: Recipes finished after 2707 ms
[13:36:25] [ServerMain/INFO]: Starting provider: Advancements
[13:36:26] [ServerMain/INFO]: Advancements finished after 653 ms
[13:36:26] [ServerMain/INFO]: Starting provider: LootTables
[13:36:27] [ServerMain/INFO]: LootTables finished after 1548 ms
[13:36:27] [ServerMain/INFO]: Starting provider: Game Event Tags
[13:36:27] [ServerMain/INFO]: Game Event Tags finished after 4 ms
[13:36:27] [ServerMain/INFO]: Starting provider: Block List
[13:36:28] [ServerMain/INFO]: Block List finished after 234 ms
[13:36:28] [ServerMain/INFO]: Starting provider: Registry Dump
[13:36:28] [ServerMain/INFO]: Registry Dump finished after 20 ms
[13:36:28] [ServerMain/INFO]: Starting provider: Command Syntax
[13:36:28] [ServerMain/WARN]: Ambiguity between arguments [teleport, location] and [teleport, destination] with inputs: [0.1 -0.5 .9, 0 0 0]
[13:36:28] [ServerMain/WARN]: Ambiguity between arguments [teleport, location] and [teleport, targets] with inputs: [0.1 -0.5 .9, 0 0 0]
[13:36:28] [ServerMain/WARN]: Ambiguity between arguments [teleport, destination] and [teleport, targets] with inputs: [Player, 0123, @e, dd12be42-52a9-4a91-a8a1-11c01849e498]
[13:36:28] [ServerMain/WARN]: Ambiguity between arguments [teleport, targets] and [teleport, destination] with inputs: [Player, 0123, dd12be42-52a9-4a91-a8a1-11c01849e498]
[13:36:28] [ServerMain/WARN]: Ambiguity between arguments [teleport, targets, location] and [teleport, targets, destination] with inputs: [0.1 -0.5 .9, 0 0 0]
[13:36:28] [ServerMain/INFO]: Command Syntax finished after 390 ms
[13:36:28] [ServerMain/INFO]: Starting provider: Worldgen
[13:36:30] [ServerMain/INFO]: Worldgen finished after 1670 ms
[13:36:30] [ServerMain/INFO]: All providers took: 483278 ms
